DEB [20201020-18:10:03.064] thr=1   paramiko.transport: starting thread (client mode): 0x9a71d0
DEB [20201020-18:10:03.066] thr=1   paramiko.transport: Local version/idstring: SSH-2.0-paramiko_2.7.2
DEB [20201020-18:10:03.334] thr=1   paramiko.transport: Remote version/idstring: SSH-2.0-OpenSSH_7.6p1 Ubuntu-4ubuntu0.3
INF [20201020-18:10:03.334] thr=1   paramiko.transport: Connected (version 2.0, client OpenSSH_7.6p1)
DEB [20201020-18:10:03.621] thr=1   paramiko.transport: kex algos:['curve25519-sha256', 'curve25519-sha256@libssh.org', 'ecdh-sha2-nistp256', 'ecdh-sha2-nistp384', 'ecdh-sha2-nistp521', 'diffie-hellman-group-exchange-sha256', 'diffie-hellman-group16-sha512', 'diffie-hellman-group18-sha512', 'diffie-hellman-group14-sha256', 'diffie-hellman-group14-sha1'] server key:['ssh-rsa', 'rsa-sha2-512', 'rsa-sha2-256', 'ecdsa-sha2-nistp256', 'ssh-ed25519'] client encrypt:['chacha20-poly1305@openssh.com', 'aes128-ctr', 'aes192-ctr', 'aes256-ctr', 'aes128-gcm@openssh.com', 'aes256-gcm@openssh.com'] server encrypt:['chacha20-poly1305@openssh.com', 'aes128-ctr', 'aes192-ctr', 'aes256-ctr', 'aes128-gcm@openssh.com', 'aes256-gcm@openssh.com'] client mac:['umac-64-etm@openssh.com', 'umac-128-etm@openssh.com', 'hmac-sha2-256-etm@openssh.com', 'hmac-sha2-512-etm@openssh.com', 'hmac-sha1-etm@openssh.com', 'umac-64@openssh.com', 'umac-128@openssh.com', 'hmac-sha2-256', 'hmac-sha2-512', 'hmac-sha1'] server mac:['umac-64-etm@openssh.com', 'umac-128-etm@openssh.com', 'hmac-sha2-256-etm@openssh.com', 'hmac-sha2-512-etm@openssh.com', 'hmac-sha1-etm@openssh.com', 'umac-64@openssh.com', 'umac-128@openssh.com', 'hmac-sha2-256', 'hmac-sha2-512', 'hmac-sha1'] client compress:['none', 'zlib@openssh.com'] server compress:['none', 'zlib@openssh.com'] client lang:[''] server lang:[''] kex follows?False
DEB [20201020-18:10:03.630] thr=1   paramiko.transport: Kex agreed: curve25519-sha256@libssh.org
DEB [20201020-18:10:03.631] thr=1   paramiko.transport: HostKey agreed: ssh-ed25519
DEB [20201020-18:10:03.631] thr=1   paramiko.transport: Cipher agreed: aes128-ctr
DEB [20201020-18:10:03.631] thr=1   paramiko.transport: MAC agreed: hmac-sha2-256
DEB [20201020-18:10:03.632] thr=1   paramiko.transport: Compression agreed: none
DEB [20201020-18:10:03.943] thr=1   paramiko.transport: kex engine KexCurve25519 specified hash_algo <built-in function openssl_sha256>
DEB [20201020-18:10:03.945] thr=1   paramiko.transport: Switch to new keys ...
DEB [20201020-18:10:03.946] thr=2   paramiko.transport: Adding ssh-ed25519 host key for [13.92.34.49]:22: b'044a1d3405f20219106e1dd77c48453e'
DEB [20201020-18:10:04.517] thr=1   paramiko.transport: userauth is OK
INF [20201020-18:10:04.797] thr=1   paramiko.transport: Authentication (password) successful!
DEB [20201020-18:10:05.440] thr=1   paramiko.transport: Received global request "hostkeys-00@openssh.com"
DEB [20201020-18:10:05.440] thr=1   paramiko.transport: Rejecting "hostkeys-00@openssh.com" global request from server.
DEB [20201020-18:13:01.260] thr=1   paramiko.transport: starting thread (client mode): 0x9ccedbe0
DEB [20201020-18:13:01.261] thr=1   paramiko.transport: Local version/idstring: SSH-2.0-paramiko_2.7.2
DEB [20201020-18:13:01.546] thr=1   paramiko.transport: Remote version/idstring: SSH-2.0-OpenSSH_7.6p1 Ubuntu-4ubuntu0.3
INF [20201020-18:13:01.546] thr=1   paramiko.transport: Connected (version 2.0, client OpenSSH_7.6p1)
DEB [20201020-18:13:01.867] thr=1   paramiko.transport: kex algos:['curve25519-sha256', 'curve25519-sha256@libssh.org', 'ecdh-sha2-nistp256', 'ecdh-sha2-nistp384', 'ecdh-sha2-nistp521', 'diffie-hellman-group-exchange-sha256', 'diffie-hellman-group16-sha512', 'diffie-hellman-group18-sha512', 'diffie-hellman-group14-sha256', 'diffie-hellman-group14-sha1'] server key:['ssh-rsa', 'rsa-sha2-512', 'rsa-sha2-256', 'ecdsa-sha2-nistp256', 'ssh-ed25519'] client encrypt:['chacha20-poly1305@openssh.com', 'aes128-ctr', 'aes192-ctr', 'aes256-ctr', 'aes128-gcm@openssh.com', 'aes256-gcm@openssh.com'] server encrypt:['chacha20-poly1305@openssh.com', 'aes128-ctr', 'aes192-ctr', 'aes256-ctr', 'aes128-gcm@openssh.com', 'aes256-gcm@openssh.com'] client mac:['umac-64-etm@openssh.com', 'umac-128-etm@openssh.com', 'hmac-sha2-256-etm@openssh.com', 'hmac-sha2-512-etm@openssh.com', 'hmac-sha1-etm@openssh.com', 'umac-64@openssh.com', 'umac-128@openssh.com', 'hmac-sha2-256', 'hmac-sha2-512', 'hmac-sha1'] server mac:['umac-64-etm@openssh.com', 'umac-128-etm@openssh.com', 'hmac-sha2-256-etm@openssh.com', 'hmac-sha2-512-etm@openssh.com', 'hmac-sha1-etm@openssh.com', 'umac-64@openssh.com', 'umac-128@openssh.com', 'hmac-sha2-256', 'hmac-sha2-512', 'hmac-sha1'] client compress:['none', 'zlib@openssh.com'] server compress:['none', 'zlib@openssh.com'] client lang:[''] server lang:[''] kex follows?False
DEB [20201020-18:13:01.868] thr=1   paramiko.transport: Kex agreed: curve25519-sha256@libssh.org
DEB [20201020-18:13:01.868] thr=1   paramiko.transport: HostKey agreed: ssh-ed25519
DEB [20201020-18:13:01.868] thr=1   paramiko.transport: Cipher agreed: aes128-ctr
DEB [20201020-18:13:01.869] thr=1   paramiko.transport: MAC agreed: hmac-sha2-256
DEB [20201020-18:13:01.869] thr=1   paramiko.transport: Compression agreed: none
DEB [20201020-18:13:02.157] thr=1   paramiko.transport: kex engine KexCurve25519 specified hash_algo <built-in function openssl_sha256>
DEB [20201020-18:13:02.158] thr=1   paramiko.transport: Switch to new keys ...
DEB [20201020-18:13:02.159] thr=2   paramiko.transport: Adding ssh-ed25519 host key for [13.92.34.49]:22: b'044a1d3405f20219106e1dd77c48453e'
DEB [20201020-18:13:02.720] thr=1   paramiko.transport: userauth is OK
INF [20201020-18:13:03.010] thr=1   paramiko.transport: Authentication (password) successful!
DEB [20201020-18:13:03.670] thr=1   paramiko.transport: Received global request "hostkeys-00@openssh.com"
DEB [20201020-18:13:03.671] thr=1   paramiko.transport: Rejecting "hostkeys-00@openssh.com" global request from server.
DEB [20201020-18:15:34.857] thr=1   paramiko.transport: starting thread (client mode): 0xe0fe4940
DEB [20201020-18:15:34.858] thr=1   paramiko.transport: Local version/idstring: SSH-2.0-paramiko_2.7.2
DEB [20201020-18:15:35.119] thr=1   paramiko.transport: Remote version/idstring: SSH-2.0-OpenSSH_7.6p1 Ubuntu-4ubuntu0.3
INF [20201020-18:15:35.121] thr=1   paramiko.transport: Connected (version 2.0, client OpenSSH_7.6p1)
DEB [20201020-18:15:35.425] thr=1   paramiko.transport: kex algos:['curve25519-sha256', 'curve25519-sha256@libssh.org', 'ecdh-sha2-nistp256', 'ecdh-sha2-nistp384', 'ecdh-sha2-nistp521', 'diffie-hellman-group-exchange-sha256', 'diffie-hellman-group16-sha512', 'diffie-hellman-group18-sha512', 'diffie-hellman-group14-sha256', 'diffie-hellman-group14-sha1'] server key:['ssh-rsa', 'rsa-sha2-512', 'rsa-sha2-256', 'ecdsa-sha2-nistp256', 'ssh-ed25519'] client encrypt:['chacha20-poly1305@openssh.com', 'aes128-ctr', 'aes192-ctr', 'aes256-ctr', 'aes128-gcm@openssh.com', 'aes256-gcm@openssh.com'] server encrypt:['chacha20-poly1305@openssh.com', 'aes128-ctr', 'aes192-ctr', 'aes256-ctr', 'aes128-gcm@openssh.com', 'aes256-gcm@openssh.com'] client mac:['umac-64-etm@openssh.com', 'umac-128-etm@openssh.com', 'hmac-sha2-256-etm@openssh.com', 'hmac-sha2-512-etm@openssh.com', 'hmac-sha1-etm@openssh.com', 'umac-64@openssh.com', 'umac-128@openssh.com', 'hmac-sha2-256', 'hmac-sha2-512', 'hmac-sha1'] server mac:['umac-64-etm@openssh.com', 'umac-128-etm@openssh.com', 'hmac-sha2-256-etm@openssh.com', 'hmac-sha2-512-etm@openssh.com', 'hmac-sha1-etm@openssh.com', 'umac-64@openssh.com', 'umac-128@openssh.com', 'hmac-sha2-256', 'hmac-sha2-512', 'hmac-sha1'] client compress:['none', 'zlib@openssh.com'] server compress:['none', 'zlib@openssh.com'] client lang:[''] server lang:[''] kex follows?False
DEB [20201020-18:15:35.426] thr=1   paramiko.transport: Kex agreed: curve25519-sha256@libssh.org
DEB [20201020-18:15:35.426] thr=1   paramiko.transport: HostKey agreed: ssh-ed25519
DEB [20201020-18:15:35.426] thr=1   paramiko.transport: Cipher agreed: aes128-ctr
DEB [20201020-18:15:35.426] thr=1   paramiko.transport: MAC agreed: hmac-sha2-256
DEB [20201020-18:15:35.426] thr=1   paramiko.transport: Compression agreed: none
DEB [20201020-18:15:35.709] thr=1   paramiko.transport: kex engine KexCurve25519 specified hash_algo <built-in function openssl_sha256>
DEB [20201020-18:15:35.710] thr=1   paramiko.transport: Switch to new keys ...
DEB [20201020-18:15:35.710] thr=2   paramiko.transport: Adding ssh-ed25519 host key for [13.92.34.49]:22: b'044a1d3405f20219106e1dd77c48453e'
DEB [20201020-18:15:36.251] thr=1   paramiko.transport: userauth is OK
INF [20201020-18:15:36.536] thr=1   paramiko.transport: Authentication (password) successful!
DEB [20201020-18:15:37.059] thr=1   paramiko.transport: Received global request "hostkeys-00@openssh.com"
DEB [20201020-18:15:37.059] thr=1   paramiko.transport: Rejecting "hostkeys-00@openssh.com" global request from server.
DEB [20201020-18:16:56.745] thr=1   paramiko.transport: EOF in transport thread
